{"C:\\Users\\ISPIS\\Documents\\Clases_BIT\\proyecto_main\\-projectPlatformReservations\\controllers\\serviceController.js": {"path":"C:\\Users\\ISPIS\\Documents\\Clases_BIT\\proyecto_main\\-projectPlatformReservations\\controllers\\serviceController.js","statementMap":{"0":{"start":{"line":7,"column":4},"end":{"line":14,"column":5}},"1":{"start":{"line":8,"column":25},"end":{"line":9,"column":36}},"2":{"start":{"line":10,"column":8},"end":{"line":10,"column":34}},"3":{"start":{"line":12,"column":8},"end":{"line":12,"column":25}},"4":{"start":{"line":13,"column":8},"end":{"line":13,"column":85}},"5":{"start":{"line":17,"column":23},"end":{"line":26,"column":1}},"6":{"start":{"line":18,"column":4},"end":{"line":25,"column":5}},"7":{"start":{"line":19,"column":34},"end":{"line":19,"column":47}},"8":{"start":{"line":20,"column":32},"end":{"line":20,"column":73}},"9":{"start":{"line":21,"column":8},"end":{"line":21,"column":53}},"10":{"start":{"line":23,"column":8},"end":{"line":23,"column":25}},"11":{"start":{"line":24,"column":8},"end":{"line":24,"column":101}},"12":{"start":{"line":28,"column":22},"end":{"line":59,"column":1}},"13":{"start":{"line":29,"column":100},"end":{"line":29,"column":108}},"14":{"start":{"line":30,"column":24},"end":{"line":30,"column":41}},"15":{"start":{"line":32,"column":17},"end":{"line":32,"column":49}},"16":{"start":{"line":34,"column":21},"end":{"line":34,"column":34}},"17":{"start":{"line":36,"column":4},"end":{"line":55,"column":5}},"18":{"start":{"line":37,"column":8},"end":{"line":54,"column":9}},"19":{"start":{"line":38,"column":31},"end":{"line":49,"column":14}},"20":{"start":{"line":50,"column":12},"end":{"line":50,"column":86}},"21":{"start":{"line":52,"column":12},"end":{"line":52,"column":29}},"22":{"start":{"line":53,"column":12},"end":{"line":53,"column":142}},"23":{"start":{"line":57,"column":4},"end":{"line":57,"column":101}},"24":{"start":{"line":62,"column":28},"end":{"line":62,"column":65}},"25":{"start":{"line":64,"column":4},"end":{"line":87,"column":5}},"26":{"start":{"line":65,"column":8},"end":{"line":83,"column":9}},"27":{"start":{"line":66,"column":91},"end":{"line":66,"column":99}},"28":{"start":{"line":67,"column":32},"end":{"line":67,"column":49}},"29":{"start":{"line":69,"column":12},"end":{"line":69,"column":64}},"30":{"start":{"line":70,"column":12},"end":{"line":70,"column":85}},"31":{"start":{"line":71,"column":12},"end":{"line":71,"column":76}},"32":{"start":{"line":72,"column":12},"end":{"line":72,"column":85}},"33":{"start":{"line":73,"column":12},"end":{"line":73,"column":88}},"34":{"start":{"line":74,"column":12},"end":{"line":74,"column":73}},"35":{"start":{"line":75,"column":12},"end":{"line":75,"column":73}},"36":{"start":{"line":76,"column":12},"end":{"line":76,"column":67}},"37":{"start":{"line":78,"column":12},"end":{"line":78,"column":41}},"38":{"start":{"line":80,"column":12},"end":{"line":80,"column":62}},"39":{"start":{"line":82,"column":12},"end":{"line":82,"column":89}},"40":{"start":{"line":85,"column":8},"end":{"line":85,"column":25}},"41":{"start":{"line":86,"column":8},"end":{"line":86,"column":88}},"42":{"start":{"line":91,"column":4},"end":{"line":105,"column":5}},"43":{"start":{"line":92,"column":32},"end":{"line":92,"column":69}},"44":{"start":{"line":94,"column":8},"end":{"line":99,"column":9}},"45":{"start":{"line":95,"column":12},"end":{"line":95,"column":51}},"46":{"start":{"line":96,"column":12},"end":{"line":96,"column":35}},"47":{"start":{"line":98,"column":12},"end":{"line":98,"column":60}},"48":{"start":{"line":101,"column":8},"end":{"line":101,"column":84}},"49":{"start":{"line":103,"column":8},"end":{"line":103,"column":25}},"50":{"start":{"line":104,"column":8},"end":{"line":104,"column":165}}},"fnMap":{"0":{"name":"getAll","decl":{"start":{"line":6,"column":15},"end":{"line":6,"column":21}},"loc":{"start":{"line":6,"column":32},"end":{"line":15,"column":1}},"line":6},"1":{"name":"(anonymous_1)","decl":{"start":{"line":17,"column":23},"end":{"line":17,"column":24}},"loc":{"start":{"line":17,"column":43},"end":{"line":26,"column":1}},"line":17},"2":{"name":"(anonymous_2)","decl":{"start":{"line":28,"column":22},"end":{"line":28,"column":23}},"loc":{"start":{"line":28,"column":42},"end":{"line":59,"column":1}},"line":28},"3":{"name":"update","decl":{"start":{"line":61,"column":15},"end":{"line":61,"column":21}},"loc":{"start":{"line":61,"column":32},"end":{"line":88,"column":1}},"line":61},"4":{"name":"destroy","decl":{"start":{"line":90,"column":15},"end":{"line":90,"column":22}},"loc":{"start":{"line":90,"column":33},"end":{"line":106,"column":1}},"line":90}},"branchMap":{"0":{"loc":{"start":{"line":36,"column":4},"end":{"line":55,"column":5}},"type":"if","locations":[{"start":{"line":36,"column":4},"end":{"line":55,"column":5}},{"start":{},"end":{}}],"line":36},"1":{"loc":{"start":{"line":65,"column":8},"end":{"line":83,"column":9}},"type":"if","locations":[{"start":{"line":65,"column":8},"end":{"line":83,"column":9}},{"start":{"line":81,"column":15},"end":{"line":83,"column":9}}],"line":65},"2":{"loc":{"start":{"line":69,"column":35},"end":{"line":69,"column":63}},"type":"binary-expr","locations":[{"start":{"line":69,"column":35},"end":{"line":69,"column":39}},{"start":{"line":69,"column":43},"end":{"line":69,"column":63}}],"line":69},"3":{"loc":{"start":{"line":70,"column":42},"end":{"line":70,"column":84}},"type":"binary-expr","locations":[{"start":{"line":70,"column":42},"end":{"line":70,"column":53}},{"start":{"line":70,"column":57},"end":{"line":70,"column":84}}],"line":70},"4":{"loc":{"start":{"line":71,"column":39},"end":{"line":71,"column":75}},"type":"binary-expr","locations":[{"start":{"line":71,"column":39},"end":{"line":71,"column":47}},{"start":{"line":71,"column":51},"end":{"line":71,"column":75}}],"line":71},"5":{"loc":{"start":{"line":72,"column":42},"end":{"line":72,"column":84}},"type":"binary-expr","locations":[{"start":{"line":72,"column":42},"end":{"line":72,"column":53}},{"start":{"line":72,"column":57},"end":{"line":72,"column":84}}],"line":72},"6":{"loc":{"start":{"line":73,"column":43},"end":{"line":73,"column":87}},"type":"binary-expr","locations":[{"start":{"line":73,"column":43},"end":{"line":73,"column":55}},{"start":{"line":73,"column":59},"end":{"line":73,"column":87}}],"line":73},"7":{"loc":{"start":{"line":74,"column":38},"end":{"line":74,"column":72}},"type":"binary-expr","locations":[{"start":{"line":74,"column":38},"end":{"line":74,"column":45}},{"start":{"line":74,"column":49},"end":{"line":74,"column":72}}],"line":74},"8":{"loc":{"start":{"line":75,"column":38},"end":{"line":75,"column":72}},"type":"binary-expr","locations":[{"start":{"line":75,"column":38},"end":{"line":75,"column":45}},{"start":{"line":75,"column":49},"end":{"line":75,"column":72}}],"line":75},"9":{"loc":{"start":{"line":76,"column":36},"end":{"line":76,"column":66}},"type":"binary-expr","locations":[{"start":{"line":76,"column":36},"end":{"line":76,"column":41}},{"start":{"line":76,"column":45},"end":{"line":76,"column":66}}],"line":76},"10":{"loc":{"start":{"line":94,"column":8},"end":{"line":99,"column":9}},"type":"if","locations":[{"start":{"line":94,"column":8},"end":{"line":99,"column":9}},{"start":{},"end":{}}],"line":94}},"s":{"0":0,"1":0,"2":0,"3":0,"4":0,"5":1,"6":1,"7":1,"8":1,"9":1,"10":0,"11":0,"12":1,"13":0,"14":0,"15":0,"16":0,"17":0,"18":0,"19":0,"20":0,"21":0,"22":0,"23":0,"24":0,"25":0,"26":0,"27":0,"28":0,"29":0,"30":0,"31":0,"32":0,"33":0,"34":0,"35":0,"36":0,"37":0,"38":0,"39":0,"40":0,"41":0,"42":0,"43":0,"44":0,"45":0,"46":0,"47":0,"48":0,"49":0,"50":0},"f":{"0":0,"1":1,"2":0,"3":0,"4":0},"b":{"0":[0,0],"1":[0,0],"2":[0,0],"3":[0,0],"4":[0,0],"5":[0,0],"6":[0,0],"7":[0,0],"8":[0,0],"9":[0,0],"10":[0,0]},"inputSourceMap":null,"_coverageSchema":"1a1c01bbd47fc00a2c39e90264f33305004495a9","hash":"e694075217107092d1c6bbbbfa28b6eb4b16656e"}
,"C:\\Users\\ISPIS\\Documents\\Clases_BIT\\proyecto_main\\-projectPlatformReservations\\controllers\\typeUserController.js": {"path":"C:\\Users\\ISPIS\\Documents\\Clases_BIT\\proyecto_main\\-projectPlatformReservations\\controllers\\typeUserController.js","statementMap":{"0":{"start":{"line":3,"column":22},"end":{"line":11,"column":1}},"1":{"start":{"line":4,"column":2},"end":{"line":10,"column":3}},"2":{"start":{"line":5,"column":22},"end":{"line":5,"column":62}},"3":{"start":{"line":6,"column":4},"end":{"line":6,"column":43}},"4":{"start":{"line":8,"column":4},"end":{"line":8,"column":23}},"5":{"start":{"line":9,"column":4},"end":{"line":9,"column":64}},"6":{"start":{"line":13,"column":23},"end":{"line":21,"column":1}},"7":{"start":{"line":14,"column":2},"end":{"line":20,"column":3}},"8":{"start":{"line":15,"column":21},"end":{"line":15,"column":59}},"9":{"start":{"line":16,"column":4},"end":{"line":16,"column":42}},"10":{"start":{"line":18,"column":4},"end":{"line":18,"column":23}},"11":{"start":{"line":19,"column":4},"end":{"line":19,"column":65}},"12":{"start":{"line":23,"column":21},"end":{"line":34,"column":1}},"13":{"start":{"line":24,"column":2},"end":{"line":33,"column":3}},"14":{"start":{"line":25,"column":24},"end":{"line":28,"column":6}},"15":{"start":{"line":30,"column":4},"end":{"line":30,"column":45}},"16":{"start":{"line":32,"column":4},"end":{"line":32,"column":56}},"17":{"start":{"line":36,"column":22},"end":{"line":51,"column":1}},"18":{"start":{"line":37,"column":27},"end":{"line":37,"column":65}},"19":{"start":{"line":39,"column":2},"end":{"line":50,"column":3}},"20":{"start":{"line":40,"column":20},"end":{"line":40,"column":28}},"21":{"start":{"line":42,"column":4},"end":{"line":42,"column":32}},"22":{"start":{"line":45,"column":4},"end":{"line":45,"column":34}},"23":{"start":{"line":47,"column":4},"end":{"line":47,"column":55}},"24":{"start":{"line":49,"column":4},"end":{"line":49,"column":63}},"25":{"start":{"line":53,"column":23},"end":{"line":69,"column":1}},"26":{"start":{"line":54,"column":2},"end":{"line":67,"column":3}},"27":{"start":{"line":55,"column":29},"end":{"line":55,"column":67}},"28":{"start":{"line":57,"column":4},"end":{"line":62,"column":5}},"29":{"start":{"line":58,"column":6},"end":{"line":58,"column":46}},"30":{"start":{"line":59,"column":6},"end":{"line":59,"column":30}},"31":{"start":{"line":61,"column":6},"end":{"line":61,"column":51}},"32":{"start":{"line":65,"column":4},"end":{"line":65,"column":21}},"33":{"start":{"line":66,"column":4},"end":{"line":66,"column":151}}},"fnMap":{"0":{"name":"(anonymous_0)","decl":{"start":{"line":3,"column":22},"end":{"line":3,"column":23}},"loc":{"start":{"line":3,"column":41},"end":{"line":11,"column":1}},"line":3},"1":{"name":"(anonymous_1)","decl":{"start":{"line":13,"column":23},"end":{"line":13,"column":24}},"loc":{"start":{"line":13,"column":42},"end":{"line":21,"column":1}},"line":13},"2":{"name":"(anonymous_2)","decl":{"start":{"line":23,"column":21},"end":{"line":23,"column":22}},"loc":{"start":{"line":23,"column":41},"end":{"line":34,"column":1}},"line":23},"3":{"name":"(anonymous_3)","decl":{"start":{"line":36,"column":22},"end":{"line":36,"column":23}},"loc":{"start":{"line":36,"column":40},"end":{"line":51,"column":1}},"line":36},"4":{"name":"(anonymous_4)","decl":{"start":{"line":53,"column":23},"end":{"line":53,"column":24}},"loc":{"start":{"line":53,"column":41},"end":{"line":69,"column":1}},"line":53}},"branchMap":{"0":{"loc":{"start":{"line":39,"column":2},"end":{"line":50,"column":3}},"type":"if","locations":[{"start":{"line":39,"column":2},"end":{"line":50,"column":3}},{"start":{"line":48,"column":9},"end":{"line":50,"column":3}}],"line":39},"1":{"loc":{"start":{"line":57,"column":4},"end":{"line":62,"column":5}},"type":"if","locations":[{"start":{"line":57,"column":4},"end":{"line":62,"column":5}},{"start":{},"end":{}}],"line":57}},"s":{"0":1,"1":2,"2":2,"3":1,"4":1,"5":1,"6":1,"7":2,"8":2,"9":1,"10":1,"11":1,"12":1,"13":2,"14":2,"15":1,"16":1,"17":1,"18":2,"19":2,"20":1,"21":1,"22":1,"23":1,"24":1,"25":1,"26":2,"27":2,"28":1,"29":1,"30":1,"31":1,"32":1,"33":1},"f":{"0":2,"1":2,"2":2,"3":2,"4":2},"b":{"0":[1,1],"1":[1,0]},"inputSourceMap":null,"_coverageSchema":"1a1c01bbd47fc00a2c39e90264f33305004495a9","hash":"bceabbe0e9714e1a0d0b4e338682ce6f60e646c7"}
,"C:\\Users\\ISPIS\\Documents\\Clases_BIT\\proyecto_main\\-projectPlatformReservations\\controllers\\userController.js": {"path":"C:\\Users\\ISPIS\\Documents\\Clases_BIT\\proyecto_main\\-projectPlatformReservations\\controllers\\userController.js","statementMap":{"0":{"start":{"line":4,"column":22},"end":{"line":13,"column":1}},"1":{"start":{"line":5,"column":2},"end":{"line":12,"column":3}},"2":{"start":{"line":6,"column":18},"end":{"line":7,"column":35}},"3":{"start":{"line":8,"column":4},"end":{"line":8,"column":39}},"4":{"start":{"line":10,"column":4},"end":{"line":10,"column":23}},"5":{"start":{"line":11,"column":4},"end":{"line":11,"column":57}},"6":{"start":{"line":16,"column":2},"end":{"line":22,"column":3}},"7":{"start":{"line":17,"column":17},"end":{"line":17,"column":51}},"8":{"start":{"line":18,"column":4},"end":{"line":18,"column":26}},"9":{"start":{"line":20,"column":4},"end":{"line":20,"column":23}},"10":{"start":{"line":21,"column":4},"end":{"line":21,"column":57}},"11":{"start":{"line":25,"column":22},"end":{"line":42,"column":1}},"12":{"start":{"line":26,"column":2},"end":{"line":41,"column":3}},"13":{"start":{"line":27,"column":20},"end":{"line":35,"column":6}},"14":{"start":{"line":37,"column":4},"end":{"line":37,"column":41}},"15":{"start":{"line":39,"column":4},"end":{"line":39,"column":23}},"16":{"start":{"line":40,"column":4},"end":{"line":40,"column":56}},"17":{"start":{"line":45,"column":23},"end":{"line":45,"column":57}},"18":{"start":{"line":47,"column":2},"end":{"line":68,"column":3}},"19":{"start":{"line":48,"column":4},"end":{"line":64,"column":5}},"20":{"start":{"line":49,"column":66},"end":{"line":49,"column":74}},"21":{"start":{"line":51,"column":6},"end":{"line":51,"column":52}},"22":{"start":{"line":52,"column":6},"end":{"line":52,"column":55}},"23":{"start":{"line":53,"column":6},"end":{"line":53,"column":61}},"24":{"start":{"line":54,"column":6},"end":{"line":54,"column":64}},"25":{"start":{"line":55,"column":6},"end":{"line":55,"column":55}},"26":{"start":{"line":57,"column":6},"end":{"line":57,"column":64}},"27":{"start":{"line":59,"column":6},"end":{"line":59,"column":32}},"28":{"start":{"line":61,"column":6},"end":{"line":61,"column":49}},"29":{"start":{"line":63,"column":6},"end":{"line":63,"column":57}},"30":{"start":{"line":66,"column":4},"end":{"line":66,"column":21}},"31":{"start":{"line":67,"column":4},"end":{"line":67,"column":76}},"32":{"start":{"line":72,"column":2},"end":{"line":88,"column":3}},"33":{"start":{"line":73,"column":25},"end":{"line":73,"column":59}},"34":{"start":{"line":75,"column":4},"end":{"line":80,"column":5}},"35":{"start":{"line":76,"column":6},"end":{"line":76,"column":42}},"36":{"start":{"line":77,"column":6},"end":{"line":77,"column":26}},"37":{"start":{"line":79,"column":6},"end":{"line":79,"column":53}},"38":{"start":{"line":82,"column":4},"end":{"line":82,"column":21}},"39":{"start":{"line":83,"column":4},"end":{"line":87,"column":8}}},"fnMap":{"0":{"name":"(anonymous_0)","decl":{"start":{"line":4,"column":22},"end":{"line":4,"column":23}},"loc":{"start":{"line":4,"column":42},"end":{"line":13,"column":1}},"line":4},"1":{"name":"getById","decl":{"start":{"line":15,"column":15},"end":{"line":15,"column":22}},"loc":{"start":{"line":15,"column":33},"end":{"line":23,"column":1}},"line":15},"2":{"name":"(anonymous_2)","decl":{"start":{"line":25,"column":22},"end":{"line":25,"column":23}},"loc":{"start":{"line":25,"column":42},"end":{"line":42,"column":1}},"line":25},"3":{"name":"update","decl":{"start":{"line":44,"column":15},"end":{"line":44,"column":21}},"loc":{"start":{"line":44,"column":32},"end":{"line":69,"column":1}},"line":44},"4":{"name":"destroy","decl":{"start":{"line":71,"column":15},"end":{"line":71,"column":22}},"loc":{"start":{"line":71,"column":33},"end":{"line":89,"column":1}},"line":71}},"branchMap":{"0":{"loc":{"start":{"line":48,"column":4},"end":{"line":64,"column":5}},"type":"if","locations":[{"start":{"line":48,"column":4},"end":{"line":64,"column":5}},{"start":{"line":62,"column":11},"end":{"line":64,"column":5}}],"line":48},"1":{"loc":{"start":{"line":51,"column":26},"end":{"line":51,"column":51}},"type":"binary-expr","locations":[{"start":{"line":51,"column":26},"end":{"line":51,"column":30}},{"start":{"line":51,"column":34},"end":{"line":51,"column":51}}],"line":51},"2":{"loc":{"start":{"line":52,"column":27},"end":{"line":52,"column":54}},"type":"binary-expr","locations":[{"start":{"line":52,"column":27},"end":{"line":52,"column":32}},{"start":{"line":52,"column":36},"end":{"line":52,"column":54}}],"line":52},"3":{"loc":{"start":{"line":53,"column":29},"end":{"line":53,"column":60}},"type":"binary-expr","locations":[{"start":{"line":53,"column":29},"end":{"line":53,"column":36}},{"start":{"line":53,"column":40},"end":{"line":53,"column":60}}],"line":53},"4":{"loc":{"start":{"line":54,"column":30},"end":{"line":54,"column":63}},"type":"binary-expr","locations":[{"start":{"line":54,"column":30},"end":{"line":54,"column":38}},{"start":{"line":54,"column":42},"end":{"line":54,"column":63}}],"line":54},"5":{"loc":{"start":{"line":55,"column":27},"end":{"line":55,"column":54}},"type":"binary-expr","locations":[{"start":{"line":55,"column":27},"end":{"line":55,"column":32}},{"start":{"line":55,"column":36},"end":{"line":55,"column":54}}],"line":55},"6":{"loc":{"start":{"line":57,"column":30},"end":{"line":57,"column":63}},"type":"binary-expr","locations":[{"start":{"line":57,"column":30},"end":{"line":57,"column":38}},{"start":{"line":57,"column":42},"end":{"line":57,"column":63}}],"line":57},"7":{"loc":{"start":{"line":75,"column":4},"end":{"line":80,"column":5}},"type":"if","locations":[{"start":{"line":75,"column":4},"end":{"line":80,"column":5}},{"start":{},"end":{}}],"line":75}},"s":{"0":1,"1":1,"2":1,"3":1,"4":0,"5":0,"6":0,"7":0,"8":0,"9":0,"10":0,"11":1,"12":2,"13":2,"14":1,"15":1,"16":1,"17":0,"18":0,"19":0,"20":0,"21":0,"22":0,"23":0,"24":0,"25":0,"26":0,"27":0,"28":0,"29":0,"30":0,"31":0,"32":0,"33":0,"34":0,"35":0,"36":0,"37":0,"38":0,"39":0},"f":{"0":1,"1":0,"2":2,"3":0,"4":0},"b":{"0":[0,0],"1":[0,0],"2":[0,0],"3":[0,0],"4":[0,0],"5":[0,0],"6":[0,0],"7":[0,0]},"inputSourceMap":null,"_coverageSchema":"1a1c01bbd47fc00a2c39e90264f33305004495a9","hash":"2d78a0a511d65fc29e5101ee2c54eefc9cd8353c"}
,"C:\\Users\\ISPIS\\Documents\\Clases_BIT\\proyecto_main\\-projectPlatformReservations\\models\\Business.js": {"path":"C:\\Users\\ISPIS\\Documents\\Clases_BIT\\proyecto_main\\-projectPlatformReservations\\models\\Business.js","statementMap":{"0":{"start":{"line":3,"column":23},"end":{"line":45,"column":1}},"1":{"start":{"line":48,"column":0},"end":{"line":54,"column":3}},"2":{"start":{"line":56,"column":0},"end":{"line":56,"column":49}},"3":{"start":{"line":58,"column":0},"end":{"line":58,"column":51}},"4":{"start":{"line":60,"column":17},"end":{"line":60,"column":59}}},"fnMap":{},"branchMap":{},"s":{"0":1,"1":1,"2":1,"3":1,"4":1},"f":{},"b":{},"inputSourceMap":null,"_coverageSchema":"1a1c01bbd47fc00a2c39e90264f33305004495a9","hash":"7210fc0b2f1d1b27e096d846d8d967c82d4006e0"}
,"C:\\Users\\ISPIS\\Documents\\Clases_BIT\\proyecto_main\\-projectPlatformReservations\\models\\TypeUser.js": {"path":"C:\\Users\\ISPIS\\Documents\\Clases_BIT\\proyecto_main\\-projectPlatformReservations\\models\\TypeUser.js","statementMap":{"0":{"start":{"line":4,"column":23},"end":{"line":15,"column":2}},"1":{"start":{"line":17,"column":17},"end":{"line":17,"column":59}}},"fnMap":{},"branchMap":{},"s":{"0":2,"1":2},"f":{},"b":{},"inputSourceMap":null,"_coverageSchema":"1a1c01bbd47fc00a2c39e90264f33305004495a9","hash":"c1cf6fbc0db54a46ebc2402ba984d2d74238bec3"}
,"C:\\Users\\ISPIS\\Documents\\Clases_BIT\\proyecto_main\\-projectPlatformReservations\\models\\User.js": {"path":"C:\\Users\\ISPIS\\Documents\\Clases_BIT\\proyecto_main\\-projectPlatformReservations\\models\\User.js","statementMap":{"0":{"start":{"line":4,"column":19},"end":{"line":36,"column":2}},"1":{"start":{"line":38,"column":0},"end":{"line":46,"column":3}},"2":{"start":{"line":40,"column":23},"end":{"line":40,"column":59}},"3":{"start":{"line":42,"column":2},"end":{"line":42,"column":31}},"4":{"start":{"line":44,"column":2},"end":{"line":44,"column":9}},"5":{"start":{"line":48,"column":13},"end":{"line":48,"column":47}}},"fnMap":{"0":{"name":"(anonymous_0)","decl":{"start":{"line":38,"column":23},"end":{"line":38,"column":24}},"loc":{"start":{"line":38,"column":45},"end":{"line":46,"column":1}},"line":38}},"branchMap":{},"s":{"0":1,"1":1,"2":0,"3":0,"4":0,"5":1},"f":{"0":0},"b":{},"inputSourceMap":null,"_coverageSchema":"1a1c01bbd47fc00a2c39e90264f33305004495a9","hash":"3dedc3e0e909a6d9b7aea5eb0f77fa74452d923d"}
}
