{"C:\\Users\\ISPIS\\Documents\\Clases_BIT\\proyecto_main\\-projectPlatformReservations\\controllers\\businessController.js": {"path":"C:\\Users\\ISPIS\\Documents\\Clases_BIT\\proyecto_main\\-projectPlatformReservations\\controllers\\businessController.js","statementMap":{"0":{"start":{"line":4,"column":22},"end":{"line":15,"column":4}},"1":{"start":{"line":5,"column":2},"end":{"line":15,"column":3}},"2":{"start":{"line":7,"column":18},"end":{"line":7,"column":74}},"3":{"start":{"line":9,"column":21},"end":{"line":11,"column":25}},"4":{"start":{"line":12,"column":4},"end":{"line":12,"column":42}},"5":{"start":{"line":14,"column":4},"end":{"line":14,"column":57}},"6":{"start":{"line":17,"column":26},"end":{"line":24,"column":3}},"7":{"start":{"line":18,"column":4},"end":{"line":23,"column":5}},"8":{"start":{"line":19,"column":23},"end":{"line":19,"column":82}},"9":{"start":{"line":20,"column":6},"end":{"line":20,"column":44}},"10":{"start":{"line":22,"column":6},"end":{"line":22,"column":59}},"11":{"start":{"line":26,"column":24},"end":{"line":56,"column":3}},"12":{"start":{"line":28,"column":17},"end":{"line":28,"column":49}},"13":{"start":{"line":30,"column":21},"end":{"line":30,"column":34}},"14":{"start":{"line":32,"column":4},"end":{"line":53,"column":5}},"15":{"start":{"line":34,"column":6},"end":{"line":51,"column":7}},"16":{"start":{"line":35,"column":28},"end":{"line":45,"column":10}},"17":{"start":{"line":47,"column":8},"end":{"line":47,"column":49}},"18":{"start":{"line":50,"column":8},"end":{"line":50,"column":60}},"19":{"start":{"line":55,"column":4},"end":{"line":55,"column":63}},"20":{"start":{"line":58,"column":24},"end":{"line":91,"column":3}},"21":{"start":{"line":60,"column":17},"end":{"line":60,"column":49}},"22":{"start":{"line":62,"column":21},"end":{"line":62,"column":34}},"23":{"start":{"line":64,"column":4},"end":{"line":87,"column":5}},"24":{"start":{"line":66,"column":31},"end":{"line":66,"column":69}},"25":{"start":{"line":68,"column":6},"end":{"line":85,"column":7}},"26":{"start":{"line":69,"column":65},"end":{"line":69,"column":73}},"27":{"start":{"line":70,"column":29},"end":{"line":70,"column":46}},"28":{"start":{"line":72,"column":7},"end":{"line":72,"column":61}},"29":{"start":{"line":73,"column":7},"end":{"line":73,"column":67}},"30":{"start":{"line":74,"column":8},"end":{"line":74,"column":70}},"31":{"start":{"line":75,"column":8},"end":{"line":75,"column":74}},"32":{"start":{"line":76,"column":8},"end":{"line":76,"column":65}},"33":{"start":{"line":77,"column":8},"end":{"line":77,"column":65}},"34":{"start":{"line":78,"column":8},"end":{"line":78,"column":86}},"35":{"start":{"line":80,"column":8},"end":{"line":80,"column":38}},"36":{"start":{"line":82,"column":8},"end":{"line":82,"column":51}},"37":{"start":{"line":84,"column":8},"end":{"line":84,"column":69}},"38":{"start":{"line":89,"column":4},"end":{"line":89,"column":76}},"39":{"start":{"line":93,"column":25},"end":{"line":118,"column":3}},"40":{"start":{"line":95,"column":17},"end":{"line":95,"column":49}},"41":{"start":{"line":97,"column":21},"end":{"line":97,"column":34}},"42":{"start":{"line":99,"column":4},"end":{"line":115,"column":5}},"43":{"start":{"line":100,"column":6},"end":{"line":114,"column":7}},"44":{"start":{"line":101,"column":33},"end":{"line":101,"column":71}},"45":{"start":{"line":103,"column":8},"end":{"line":110,"column":9}},"46":{"start":{"line":104,"column":10},"end":{"line":104,"column":50}},"47":{"start":{"line":105,"column":10},"end":{"line":105,"column":34}},"48":{"start":{"line":107,"column":10},"end":{"line":107,"column":64}},"49":{"start":{"line":109,"column":10},"end":{"line":109,"column":81}},"50":{"start":{"line":113,"column":8},"end":{"line":113,"column":87}},"51":{"start":{"line":116,"column":4},"end":{"line":116,"column":78}}},"fnMap":{"0":{"name":"(anonymous_0)","decl":{"start":{"line":4,"column":22},"end":{"line":4,"column":23}},"loc":{"start":{"line":4,"column":42},"end":{"line":15,"column":4}},"line":4},"1":{"name":"(anonymous_1)","decl":{"start":{"line":17,"column":26},"end":{"line":17,"column":27}},"loc":{"start":{"line":17,"column":45},"end":{"line":24,"column":3}},"line":17},"2":{"name":"(anonymous_2)","decl":{"start":{"line":26,"column":24},"end":{"line":26,"column":25}},"loc":{"start":{"line":26,"column":43},"end":{"line":56,"column":3}},"line":26},"3":{"name":"(anonymous_3)","decl":{"start":{"line":58,"column":24},"end":{"line":58,"column":25}},"loc":{"start":{"line":58,"column":43},"end":{"line":91,"column":3}},"line":58},"4":{"name":"(anonymous_4)","decl":{"start":{"line":93,"column":25},"end":{"line":93,"column":26}},"loc":{"start":{"line":93,"column":45},"end":{"line":118,"column":3}},"line":93}},"branchMap":{"0":{"loc":{"start":{"line":7,"column":18},"end":{"line":7,"column":74}},"type":"cond-expr","locations":[{"start":{"line":7,"column":39},"end":{"line":7,"column":69}},{"start":{"line":7,"column":72},"end":{"line":7,"column":74}}],"line":7},"1":{"loc":{"start":{"line":32,"column":4},"end":{"line":53,"column":5}},"type":"if","locations":[{"start":{"line":32,"column":4},"end":{"line":53,"column":5}},{"start":{},"end":{}}],"line":32},"2":{"loc":{"start":{"line":64,"column":4},"end":{"line":87,"column":5}},"type":"if","locations":[{"start":{"line":64,"column":4},"end":{"line":87,"column":5}},{"start":{},"end":{}}],"line":64},"3":{"loc":{"start":{"line":68,"column":6},"end":{"line":85,"column":7}},"type":"if","locations":[{"start":{"line":68,"column":6},"end":{"line":85,"column":7}},{"start":{"line":83,"column":13},"end":{"line":85,"column":7}}],"line":68},"4":{"loc":{"start":{"line":72,"column":31},"end":{"line":72,"column":60}},"type":"binary-expr","locations":[{"start":{"line":72,"column":31},"end":{"line":72,"column":35}},{"start":{"line":72,"column":39},"end":{"line":72,"column":60}}],"line":72},"5":{"loc":{"start":{"line":73,"column":33},"end":{"line":73,"column":66}},"type":"binary-expr","locations":[{"start":{"line":73,"column":33},"end":{"line":73,"column":39}},{"start":{"line":73,"column":43},"end":{"line":73,"column":66}}],"line":73},"6":{"loc":{"start":{"line":74,"column":35},"end":{"line":74,"column":69}},"type":"binary-expr","locations":[{"start":{"line":74,"column":35},"end":{"line":74,"column":41}},{"start":{"line":74,"column":45},"end":{"line":74,"column":69}}],"line":74},"7":{"loc":{"start":{"line":75,"column":36},"end":{"line":75,"column":73}},"type":"binary-expr","locations":[{"start":{"line":75,"column":36},"end":{"line":75,"column":44}},{"start":{"line":75,"column":48},"end":{"line":75,"column":73}}],"line":75},"8":{"loc":{"start":{"line":76,"column":33},"end":{"line":76,"column":64}},"type":"binary-expr","locations":[{"start":{"line":76,"column":33},"end":{"line":76,"column":38}},{"start":{"line":76,"column":42},"end":{"line":76,"column":64}}],"line":76},"9":{"loc":{"start":{"line":77,"column":33},"end":{"line":77,"column":64}},"type":"binary-expr","locations":[{"start":{"line":77,"column":33},"end":{"line":77,"column":38}},{"start":{"line":77,"column":42},"end":{"line":77,"column":64}}],"line":77},"10":{"loc":{"start":{"line":78,"column":40},"end":{"line":78,"column":85}},"type":"binary-expr","locations":[{"start":{"line":78,"column":40},"end":{"line":78,"column":52}},{"start":{"line":78,"column":56},"end":{"line":78,"column":85}}],"line":78},"11":{"loc":{"start":{"line":99,"column":4},"end":{"line":115,"column":5}},"type":"if","locations":[{"start":{"line":99,"column":4},"end":{"line":115,"column":5}},{"start":{},"end":{}}],"line":99},"12":{"loc":{"start":{"line":103,"column":8},"end":{"line":110,"column":9}},"type":"if","locations":[{"start":{"line":103,"column":8},"end":{"line":110,"column":9}},{"start":{"line":108,"column":15},"end":{"line":110,"column":9}}],"line":103}},"s":{"0":1,"1":2,"2":2,"3":2,"4":1,"5":1,"6":1,"7":2,"8":2,"9":1,"10":1,"11":1,"12":3,"13":3,"14":3,"15":2,"16":2,"17":1,"18":1,"19":1,"20":1,"21":3,"22":3,"23":3,"24":2,"25":2,"26":1,"27":1,"28":1,"29":1,"30":1,"31":1,"32":1,"33":1,"34":1,"35":1,"36":1,"37":1,"38":1,"39":1,"40":4,"41":4,"42":4,"43":3,"44":3,"45":2,"46":1,"47":1,"48":1,"49":1,"50":1,"51":1},"f":{"0":2,"1":2,"2":3,"3":3,"4":4},"b":{"0":[2,0],"1":[2,1],"2":[2,1],"3":[1,1],"4":[1,0],"5":[1,0],"6":[1,1],"7":[1,0],"8":[1,0],"9":[1,0],"10":[1,0],"11":[3,1],"12":[1,1]},"inputSourceMap":null,"_coverageSchema":"1a1c01bbd47fc00a2c39e90264f33305004495a9","hash":"96bedb201d50c3cdad4025c9d73709528d35a6ca"}
}
