TN:
SF:controllers\businessController.js
FN:4,(anonymous_0)
FN:17,(anonymous_1)
FN:26,(anonymous_2)
FN:58,(anonymous_3)
FN:93,(anonymous_4)
FNF:5
FNH:5
FNDA:2,(anonymous_0)
FNDA:2,(anonymous_1)
FNDA:3,(anonymous_2)
FNDA:3,(anonymous_3)
FNDA:4,(anonymous_4)
DA:4,1
DA:5,2
DA:7,2
DA:9,2
DA:12,1
DA:14,1
DA:17,1
DA:18,2
DA:19,2
DA:20,1
DA:22,1
DA:26,1
DA:28,3
DA:30,3
DA:32,3
DA:34,2
DA:35,2
DA:47,1
DA:50,1
DA:55,1
DA:58,1
DA:60,3
DA:62,3
DA:64,3
DA:66,2
DA:68,2
DA:69,1
DA:70,1
DA:72,1
DA:73,1
DA:74,1
DA:75,1
DA:76,1
DA:77,1
DA:78,1
DA:80,1
DA:82,1
DA:84,1
DA:89,1
DA:93,1
DA:95,4
DA:97,4
DA:99,4
DA:100,3
DA:101,3
DA:103,2
DA:104,1
DA:105,1
DA:107,1
DA:109,1
DA:113,1
DA:116,1
LF:52
LH:52
BRDA:7,0,0,2
BRDA:7,0,1,0
BRDA:32,1,0,2
BRDA:32,1,1,1
BRDA:64,2,0,2
BRDA:64,2,1,1
BRDA:68,3,0,1
BRDA:68,3,1,1
BRDA:72,4,0,1
BRDA:72,4,1,0
BRDA:73,5,0,1
BRDA:73,5,1,0
BRDA:74,6,0,1
BRDA:74,6,1,1
BRDA:75,7,0,1
BRDA:75,7,1,0
BRDA:76,8,0,1
BRDA:76,8,1,0
BRDA:77,9,0,1
BRDA:77,9,1,0
BRDA:78,10,0,1
BRDA:78,10,1,0
BRDA:99,11,0,3
BRDA:99,11,1,1
BRDA:103,12,0,1
BRDA:103,12,1,1
BRF:26
BRH:19
end_of_record
TN:
SF:controllers\reservationController.js
FN:7,(anonymous_0)
FN:19,(anonymous_1)
FN:37,(anonymous_2)
FN:68,(anonymous_3)
FN:93,(anonymous_4)
FNF:5
FNH:5
FNDA:2,(anonymous_0)
FNDA:3,(anonymous_1)
FNDA:2,(anonymous_2)
FNDA:3,(anonymous_3)
FNDA:3,(anonymous_4)
DA:7,1
DA:8,2
DA:9,2
DA:13,1
DA:15,1
DA:19,1
DA:20,3
DA:21,3
DA:23,2
DA:25,1
DA:28,1
DA:31,1
DA:37,1
DA:39,2
DA:41,2
DA:43,2
DA:45,2
DA:47,2
DA:48,2
DA:49,2
DA:59,1
DA:61,1
DA:68,1
DA:70,3
DA:71,3
DA:72,2
DA:73,1
DA:75,1
DA:76,1
DA:77,1
DA:78,1
DA:80,1
DA:82,1
DA:84,1
DA:87,1
DA:93,1
DA:94,3
DA:95,3
DA:97,2
DA:98,1
DA:99,1
DA:101,1
DA:103,1
DA:107,1
LF:44
LH:44
BRDA:23,0,0,1
BRDA:23,0,1,1
BRDA:47,1,0,2
BRDA:47,1,1,0
BRDA:72,2,0,1
BRDA:72,2,1,1
BRDA:75,3,0,1
BRDA:75,3,1,0
BRDA:76,4,0,1
BRDA:76,4,1,0
BRDA:77,5,0,1
BRDA:77,5,1,0
BRDA:78,6,0,1
BRDA:78,6,1,0
BRDA:97,7,0,1
BRDA:97,7,1,1
BRF:16
BRH:11
end_of_record
TN:
SF:controllers\serviceController.js
FN:6,(anonymous_0)
FN:16,(anonymous_1)
FN:27,(anonymous_2)
FN:59,(anonymous_3)
FN:88,(anonymous_4)
FNF:5
FNH:5
FNDA:2,(anonymous_0)
FNDA:2,(anonymous_1)
FNDA:3,(anonymous_2)
FNDA:3,(anonymous_3)
FNDA:3,(anonymous_4)
DA:6,1
DA:7,2
DA:8,2
DA:10,1
DA:12,1
DA:16,1
DA:17,2
DA:18,2
DA:19,2
DA:20,1
DA:22,1
DA:23,1
DA:27,1
DA:28,3
DA:29,3
DA:31,3
DA:33,3
DA:35,3
DA:36,2
DA:37,2
DA:49,1
DA:51,1
DA:55,1
DA:59,1
DA:62,3
DA:63,3
DA:64,2
DA:65,1
DA:66,1
DA:68,1
DA:69,1
DA:70,1
DA:71,1
DA:72,1
DA:73,1
DA:74,1
DA:75,1
DA:77,1
DA:79,1
DA:81,1
DA:84,1
DA:88,1
DA:89,3
DA:90,3
DA:92,2
DA:93,1
DA:94,1
DA:96,1
DA:99,1
DA:101,1
LF:50
LH:50
BRDA:35,0,0,2
BRDA:35,0,1,1
BRDA:64,1,0,1
BRDA:64,1,1,1
BRDA:68,2,0,1
BRDA:68,2,1,0
BRDA:69,3,0,1
BRDA:69,3,1,0
BRDA:70,4,0,1
BRDA:70,4,1,0
BRDA:71,5,0,1
BRDA:71,5,1,0
BRDA:72,6,0,1
BRDA:72,6,1,0
BRDA:73,7,0,1
BRDA:73,7,1,0
BRDA:74,8,0,1
BRDA:74,8,1,0
BRDA:75,9,0,1
BRDA:75,9,1,0
BRDA:92,10,0,1
BRDA:92,10,1,1
BRF:22
BRH:14
end_of_record
TN:
SF:controllers\typeUserController.js
FN:3,(anonymous_0)
FN:13,(anonymous_1)
FN:23,(anonymous_2)
FN:36,(anonymous_3)
FN:53,(anonymous_4)
FNF:5
FNH:5
FNDA:2,(anonymous_0)
FNDA:2,(anonymous_1)
FNDA:2,(anonymous_2)
FNDA:2,(anonymous_3)
FNDA:2,(anonymous_4)
DA:3,1
DA:4,2
DA:5,2
DA:6,1
DA:8,1
DA:9,1
DA:13,1
DA:14,2
DA:15,2
DA:16,1
DA:18,1
DA:19,1
DA:23,1
DA:24,2
DA:25,2
DA:30,1
DA:32,1
DA:36,1
DA:37,2
DA:39,2
DA:40,1
DA:42,1
DA:45,1
DA:47,1
DA:49,1
DA:53,1
DA:54,2
DA:55,2
DA:57,1
DA:58,1
DA:59,1
DA:61,1
DA:65,1
DA:66,1
LF:34
LH:34
BRDA:39,0,0,1
BRDA:39,0,1,1
BRDA:57,1,0,1
BRDA:57,1,1,0
BRF:4
BRH:3
end_of_record
TN:
SF:controllers\userController.js
FN:4,(anonymous_0)
FN:14,(anonymous_1)
FN:23,(anonymous_2)
FN:42,(anonymous_3)
FN:68,(anonymous_4)
FNF:5
FNH:5
FNDA:2,(anonymous_0)
FNDA:2,(anonymous_1)
FNDA:2,(anonymous_2)
FNDA:3,(anonymous_3)
FNDA:3,(anonymous_4)
DA:4,1
DA:5,2
DA:6,2
DA:8,1
DA:10,1
DA:14,1
DA:15,2
DA:16,2
DA:17,1
DA:19,1
DA:23,1
DA:24,2
DA:25,2
DA:35,1
DA:37,1
DA:38,1
DA:42,1
DA:44,3
DA:45,3
DA:46,2
DA:47,1
DA:49,1
DA:50,1
DA:51,1
DA:52,1
DA:53,1
DA:55,1
DA:57,1
DA:59,1
DA:61,1
DA:64,1
DA:68,1
DA:69,3
DA:70,3
DA:72,2
DA:73,1
DA:74,1
DA:76,1
DA:78,1
DA:81,1
LF:40
LH:40
BRDA:46,0,0,1
BRDA:46,0,1,1
BRDA:49,1,0,1
BRDA:49,1,1,0
BRDA:50,2,0,1
BRDA:50,2,1,0
BRDA:51,3,0,1
BRDA:51,3,1,1
BRDA:52,4,0,1
BRDA:52,4,1,0
BRDA:53,5,0,1
BRDA:53,5,1,0
BRDA:55,6,0,1
BRDA:55,6,1,0
BRDA:72,7,0,1
BRDA:72,7,1,1
BRF:16
BRH:11
end_of_record
TN:
SF:models\Business.js
FNF:0
FNH:0
DA:3,2
DA:48,2
DA:56,2
DA:58,2
DA:60,2
LF:5
LH:5
BRF:0
BRH:0
end_of_record
TN:
SF:models\Service.js
FNF:0
FNH:0
DA:4,1
DA:49,1
LF:2
LH:2
BRF:0
BRH:0
end_of_record
TN:
SF:models\TypeUser.js
FNF:0
FNH:0
DA:4,2
DA:17,2
LF:2
LH:2
BRF:0
BRH:0
end_of_record
