TN:
SF:controllers\reservationController.js
FN:7,(anonymous_0)
FN:20,getById
FN:32,create
FN:64,update
FN:83,destroy
FNF:5
FNH:1
FNDA:2,(anonymous_0)
FNDA:0,getById
FNDA:0,create
FNDA:0,update
FNDA:0,destroy
DA:7,1
DA:8,2
DA:9,2
DA:13,1
DA:15,1
DA:16,1
DA:21,0
DA:22,0
DA:23,0
DA:25,0
DA:26,0
DA:34,0
DA:36,0
DA:38,0
DA:40,0
DA:42,0
DA:43,0
DA:44,0
DA:54,0
DA:56,0
DA:57,0
DA:65,0
DA:67,0
DA:68,0
DA:70,0
DA:71,0
DA:72,0
DA:73,0
DA:75,0
DA:77,0
DA:79,0
DA:84,0
DA:85,0
DA:87,0
DA:88,0
DA:89,0
DA:91,0
DA:95,0
DA:96,0
LF:39
LH:6
BRDA:42,0,0,0
BRDA:42,0,1,0
BRDA:67,1,0,0
BRDA:67,1,1,0
BRDA:70,2,0,0
BRDA:70,2,1,0
BRDA:71,3,0,0
BRDA:71,3,1,0
BRDA:72,4,0,0
BRDA:72,4,1,0
BRDA:73,5,0,0
BRDA:73,5,1,0
BRDA:87,6,0,0
BRDA:87,6,1,0
BRF:14
BRH:0
end_of_record
TN:
SF:models\Business.js
FNF:0
FNH:0
DA:3,1
DA:48,1
DA:56,1
DA:58,1
DA:60,1
LF:5
LH:5
BRF:0
BRH:0
end_of_record
TN:
SF:models\Service.js
FNF:0
FNH:0
DA:4,1
DA:49,1
LF:2
LH:2
BRF:0
BRH:0
end_of_record
TN:
SF:models\User.js
FN:38,(anonymous_0)
FNF:1
FNH:0
FNDA:0,(anonymous_0)
DA:4,1
DA:38,1
DA:40,0
DA:42,0
DA:44,0
DA:48,1
LF:6
LH:3
BRF:0
BRH:0
end_of_record
